{"C:\\Users\\user\\Videos\\NodeJS-for-Beginners-main\\step0\\database.js": {"path":"C:\\Users\\user\\Videos\\NodeJS-for-Beginners-main\\step0\\database.js","statementMap":{"0":{"start":{"line":3,"column":0},"end":{"line":9,"column":2}},"1":{"start":{"line":6,"column":4},"end":{"line":6,"column":24}},"2":{"start":{"line":7,"column":4},"end":{"line":7,"column":24}},"3":{"start":{"line":11,"column":22},"end":{"line":13,"column":2}},"4":{"start":{"line":15,"column":16},"end":{"line":15,"column":56}}},"fnMap":{"0":{"name":"(anonymous_0)","decl":{"start":{"line":5,"column":13},"end":{"line":5,"column":14}},"loc":{"start":{"line":5,"column":33},"end":{"line":8,"column":3}},"line":5}},"branchMap":{},"s":{"0":1,"1":34,"2":34,"3":1,"4":1},"f":{"0":34},"b":{},"_coverageSchema":"1a1c01bbd47fc00a2c39e90264f33305004495a9","hash":"52136e23162c1d5f0e983e1c5d4bbf9c2f32f8fa"}
,"C:\\Users\\user\\Videos\\NodeJS-for-Beginners-main\\step0\\server.js": {"path":"C:\\Users\\user\\Videos\\NodeJS-for-Beginners-main\\step0\\server.js","statementMap":{"0":{"start":{"line":5,"column":12},"end":{"line":5,"column":21}},"1":{"start":{"line":6,"column":0},"end":{"line":6,"column":33}},"2":{"start":{"line":7,"column":0},"end":{"line":7,"column":26}},"3":{"start":{"line":8,"column":0},"end":{"line":8,"column":29}},"4":{"start":{"line":10,"column":0},"end":{"line":13,"column":2}},"5":{"start":{"line":11,"column":19},"end":{"line":11,"column":33}},"6":{"start":{"line":12,"column":2},"end":{"line":12,"column":35}},"7":{"start":{"line":15,"column":0},"end":{"line":18,"column":2}},"8":{"start":{"line":16,"column":19},"end":{"line":16,"column":33}},"9":{"start":{"line":17,"column":2},"end":{"line":17,"column":20}},"10":{"start":{"line":20,"column":0},"end":{"line":28,"column":2}},"11":{"start":{"line":21,"column":13},"end":{"line":21,"column":26}},"12":{"start":{"line":22,"column":18},"end":{"line":22,"column":35}},"13":{"start":{"line":23,"column":2},"end":{"line":27,"column":3}},"14":{"start":{"line":24,"column":4},"end":{"line":24,"column":23}},"15":{"start":{"line":26,"column":4},"end":{"line":26,"column":21}},"16":{"start":{"line":30,"column":0},"end":{"line":38,"column":2}},"17":{"start":{"line":31,"column":22},"end":{"line":31,"column":30}},"18":{"start":{"line":32,"column":2},"end":{"line":37,"column":3}},"19":{"start":{"line":33,"column":4},"end":{"line":33,"column":23}},"20":{"start":{"line":35,"column":20},"end":{"line":35,"column":41}},"21":{"start":{"line":36,"column":4},"end":{"line":36,"column":33}},"22":{"start":{"line":40,"column":0},"end":{"line":55,"column":2}},"23":{"start":{"line":41,"column":22},"end":{"line":41,"column":30}},"24":{"start":{"line":42,"column":13},"end":{"line":42,"column":26}},"25":{"start":{"line":44,"column":2},"end":{"line":54,"column":3}},"26":{"start":{"line":45,"column":4},"end":{"line":45,"column":23}},"27":{"start":{"line":47,"column":20},"end":{"line":47,"column":37}},"28":{"start":{"line":48,"column":4},"end":{"line":53,"column":5}},"29":{"start":{"line":49,"column":6},"end":{"line":49,"column":25}},"30":{"start":{"line":51,"column":6},"end":{"line":51,"column":35}},"31":{"start":{"line":52,"column":6},"end":{"line":52,"column":25}},"32":{"start":{"line":57,"column":0},"end":{"line":68,"column":2}},"33":{"start":{"line":58,"column":13},"end":{"line":58,"column":26}},"34":{"start":{"line":59,"column":18},"end":{"line":59,"column":35}},"35":{"start":{"line":61,"column":2},"end":{"line":64,"column":3}},"36":{"start":{"line":62,"column":4},"end":{"line":62,"column":23}},"37":{"start":{"line":63,"column":4},"end":{"line":63,"column":10}},"38":{"start":{"line":66,"column":2},"end":{"line":66,"column":22}},"39":{"start":{"line":67,"column":2},"end":{"line":67,"column":21}}},"fnMap":{"0":{"name":"(anonymous_0)","decl":{"start":{"line":10,"column":18},"end":{"line":10,"column":19}},"loc":{"start":{"line":10,"column":38},"end":{"line":13,"column":1}},"line":10},"1":{"name":"(anonymous_1)","decl":{"start":{"line":15,"column":27},"end":{"line":15,"column":28}},"loc":{"start":{"line":15,"column":47},"end":{"line":18,"column":1}},"line":15},"2":{"name":"(anonymous_2)","decl":{"start":{"line":20,"column":31},"end":{"line":20,"column":32}},"loc":{"start":{"line":20,"column":51},"end":{"line":28,"column":1}},"line":20},"3":{"name":"(anonymous_3)","decl":{"start":{"line":30,"column":28},"end":{"line":30,"column":29}},"loc":{"start":{"line":30,"column":48},"end":{"line":38,"column":1}},"line":30},"4":{"name":"(anonymous_4)","decl":{"start":{"line":40,"column":31},"end":{"line":40,"column":32}},"loc":{"start":{"line":40,"column":51},"end":{"line":55,"column":1}},"line":40},"5":{"name":"(anonymous_5)","decl":{"start":{"line":57,"column":34},"end":{"line":57,"column":35}},"loc":{"start":{"line":57,"column":54},"end":{"line":68,"column":1}},"line":57}},"branchMap":{"0":{"loc":{"start":{"line":23,"column":2},"end":{"line":27,"column":3}},"type":"if","locations":[{"start":{"line":23,"column":2},"end":{"line":27,"column":3}},{"start":{"line":25,"column":9},"end":{"line":27,"column":3}}],"line":23},"1":{"loc":{"start":{"line":32,"column":2},"end":{"line":37,"column":3}},"type":"if","locations":[{"start":{"line":32,"column":2},"end":{"line":37,"column":3}},{"start":{"line":34,"column":9},"end":{"line":37,"column":3}}],"line":32},"2":{"loc":{"start":{"line":44,"column":2},"end":{"line":54,"column":3}},"type":"if","locations":[{"start":{"line":44,"column":2},"end":{"line":54,"column":3}},{"start":{"line":46,"column":9},"end":{"line":54,"column":3}}],"line":44},"3":{"loc":{"start":{"line":48,"column":4},"end":{"line":53,"column":5}},"type":"if","locations":[{"start":{"line":48,"column":4},"end":{"line":53,"column":5}},{"start":{"line":50,"column":11},"end":{"line":53,"column":5}}],"line":48},"4":{"loc":{"start":{"line":61,"column":2},"end":{"line":64,"column":3}},"type":"if","locations":[{"start":{"line":61,"column":2},"end":{"line":64,"column":3}},{"start":{},"end":{}}],"line":61}},"s":{"0":1,"1":1,"2":1,"3":1,"4":1,"5":1,"6":1,"7":1,"8":2,"9":2,"10":1,"11":2,"12":2,"13":2,"14":1,"15":1,"16":1,"17":3,"18":3,"19":2,"20":1,"21":1,"22":1,"23":4,"24":4,"25":4,"26":2,"27":2,"28":2,"29":1,"30":1,"31":1,"32":1,"33":2,"34":2,"35":2,"36":1,"37":1,"38":1,"39":1},"f":{"0":1,"1":2,"2":2,"3":3,"4":4,"5":2},"b":{"0":[1,1],"1":[2,1],"2":[2,2],"3":[1,1],"4":[1,1]},"_coverageSchema":"1a1c01bbd47fc00a2c39e90264f33305004495a9","hash":"303135d009c7ad58b65a7027a49edc09a14091e0"}
,"C:\\Users\\user\\Videos\\NodeJS-for-Beginners-main\\step0\\store.js": {"path":"C:\\Users\\user\\Videos\\NodeJS-for-Beginners-main\\step0\\store.js","statementMap":{"0":{"start":{"line":5,"column":15},"end":{"line":5,"column":35}},"1":{"start":{"line":5,"column":21},"end":{"line":5,"column":35}},"2":{"start":{"line":6,"column":16},"end":{"line":6,"column":51}},"3":{"start":{"line":6,"column":22},"end":{"line":6,"column":51}},"4":{"start":{"line":7,"column":15},"end":{"line":11,"column":1}},"5":{"start":{"line":8,"column":18},"end":{"line":8,"column":42}},"6":{"start":{"line":9,"column":2},"end":{"line":9,"column":22}},"7":{"start":{"line":10,"column":2},"end":{"line":10,"column":16}},"8":{"start":{"line":12,"column":19},"end":{"line":12,"column":108}},"9":{"start":{"line":12,"column":42},"end":{"line":12,"column":108}},"10":{"start":{"line":13,"column":19},"end":{"line":13,"column":63}},"11":{"start":{"line":13,"column":33},"end":{"line":13,"column":63}}},"fnMap":{"0":{"name":"(anonymous_0)","decl":{"start":{"line":5,"column":15},"end":{"line":5,"column":16}},"loc":{"start":{"line":5,"column":21},"end":{"line":5,"column":35}},"line":5},"1":{"name":"(anonymous_1)","decl":{"start":{"line":6,"column":16},"end":{"line":6,"column":17}},"loc":{"start":{"line":6,"column":22},"end":{"line":6,"column":51}},"line":6},"2":{"name":"(anonymous_2)","decl":{"start":{"line":7,"column":15},"end":{"line":7,"column":16}},"loc":{"start":{"line":7,"column":34},"end":{"line":11,"column":1}},"line":7},"3":{"name":"(anonymous_3)","decl":{"start":{"line":12,"column":19},"end":{"line":12,"column":20}},"loc":{"start":{"line":12,"column":42},"end":{"line":12,"column":108}},"line":12},"4":{"name":"(anonymous_4)","decl":{"start":{"line":13,"column":19},"end":{"line":13,"column":20}},"loc":{"start":{"line":13,"column":33},"end":{"line":13,"column":63}},"line":13}},"branchMap":{},"s":{"0":1,"1":3,"2":1,"3":9,"4":1,"5":1,"6":1,"7":1,"8":1,"9":1,"10":1,"11":1},"f":{"0":3,"1":9,"2":1,"3":1,"4":1},"b":{},"_coverageSchema":"1a1c01bbd47fc00a2c39e90264f33305004495a9","hash":"5f7dc70d95d5262cc2aa6f95a7df10c26ed87d2a"}
,"C:\\Users\\user\\Videos\\NodeJS-for-Beginners-main\\step0\\tests\\utils.js": {"path":"C:\\Users\\user\\Videos\\NodeJS-for-Beginners-main\\step0\\tests\\utils.js","statementMap":{"0":{"start":{"line":6,"column":27},"end":{"line":15,"column":1}},"1":{"start":{"line":7,"column":2},"end":{"line":14,"column":3}},"2":{"start":{"line":8,"column":4},"end":{"line":10,"column":5}},"3":{"start":{"line":9,"column":6},"end":{"line":9,"column":53}},"4":{"start":{"line":12,"column":4},"end":{"line":12,"column":61}},"5":{"start":{"line":13,"column":4},"end":{"line":13,"column":15}},"6":{"start":{"line":16,"column":26},"end":{"line":20,"column":1}},"7":{"start":{"line":17,"column":2},"end":{"line":19,"column":3}},"8":{"start":{"line":18,"column":4},"end":{"line":18,"column":31}},"9":{"start":{"line":21,"column":18},"end":{"line":21,"column":46}},"10":{"start":{"line":21,"column":24},"end":{"line":21,"column":46}},"11":{"start":{"line":22,"column":19},"end":{"line":22,"column":94}},"12":{"start":{"line":22,"column":25},"end":{"line":22,"column":94}},"13":{"start":{"line":23,"column":20},"end":{"line":29,"column":1}},"14":{"start":{"line":24,"column":15},"end":{"line":24,"column":35}},"15":{"start":{"line":25,"column":19},"end":{"line":25,"column":51}},"16":{"start":{"line":26,"column":21},"end":{"line":26,"column":47}},"17":{"start":{"line":27,"column":21},"end":{"line":27,"column":31}},"18":{"start":{"line":28,"column":2},"end":{"line":28,"column":45}},"19":{"start":{"line":30,"column":18},"end":{"line":30,"column":60}},"20":{"start":{"line":30,"column":28},"end":{"line":30,"column":60}}},"fnMap":{"0":{"name":"(anonymous_0)","decl":{"start":{"line":6,"column":27},"end":{"line":6,"column":28}},"loc":{"start":{"line":6,"column":39},"end":{"line":15,"column":1}},"line":6},"1":{"name":"(anonymous_1)","decl":{"start":{"line":16,"column":26},"end":{"line":16,"column":27}},"loc":{"start":{"line":16,"column":38},"end":{"line":20,"column":1}},"line":16},"2":{"name":"(anonymous_2)","decl":{"start":{"line":21,"column":18},"end":{"line":21,"column":19}},"loc":{"start":{"line":21,"column":24},"end":{"line":21,"column":46}},"line":21},"3":{"name":"(anonymous_3)","decl":{"start":{"line":22,"column":19},"end":{"line":22,"column":20}},"loc":{"start":{"line":22,"column":25},"end":{"line":22,"column":94}},"line":22},"4":{"name":"(anonymous_4)","decl":{"start":{"line":23,"column":20},"end":{"line":23,"column":21}},"loc":{"start":{"line":23,"column":32},"end":{"line":29,"column":1}},"line":23},"5":{"name":"(anonymous_5)","decl":{"start":{"line":30,"column":18},"end":{"line":30,"column":19}},"loc":{"start":{"line":30,"column":28},"end":{"line":30,"column":60}},"line":30}},"branchMap":{"0":{"loc":{"start":{"line":8,"column":4},"end":{"line":10,"column":5}},"type":"if","locations":[{"start":{"line":8,"column":4},"end":{"line":10,"column":5}},{"start":{},"end":{}}],"line":8},"1":{"loc":{"start":{"line":17,"column":2},"end":{"line":19,"column":3}},"type":"if","locations":[{"start":{"line":17,"column":2},"end":{"line":19,"column":3}},{"start":{},"end":{}}],"line":17}},"s":{"0":1,"1":1,"2":1,"3":1,"4":0,"5":0,"6":1,"7":1,"8":1,"9":1,"10":15,"11":1,"12":14,"13":1,"14":14,"15":14,"16":14,"17":14,"18":14,"19":1,"20":2},"f":{"0":1,"1":1,"2":15,"3":14,"4":14,"5":2},"b":{"0":[1,0],"1":[1,0]},"_coverageSchema":"1a1c01bbd47fc00a2c39e90264f33305004495a9","hash":"593fa794e7a6d67173346cbb0c174337b23f839b"}
}
